  stdafx.cpp
c:\github\directxlesson\normalmapdemo\handsondemo\game\stdafx.h(12): fatal error C1083: Cannot open include file: 'btBulletDynamicsCommon.h': No such file or directory
  Player.cpp
c:\github\directxlesson\normalmapdemo\handsondemo\game\stdafx.h(12): fatal error C1083: Cannot open include file: 'btBulletDynamicsCommon.h': No such file or directory
  main.cpp
c:\github\directxlesson\normalmapdemo\handsondemo\game\stdafx.h(12): fatal error C1083: Cannot open include file: 'btBulletDynamicsCommon.h': No such file or directory
  System.cpp
c:\github\directxlesson\normalmapdemo\handsondemo\game\stdafx.h(12): fatal error C1083: Cannot open include file: 'btBulletDynamicsCommon.h': No such file or directory
  SkinModelData.cpp
c:\github\directxlesson\normalmapdemo\handsondemo\game\stdafx.h(12): fatal error C1083: Cannot open include file: 'btBulletDynamicsCommon.h': No such file or directory
  SkinModel.cpp
c:\github\directxlesson\normalmapdemo\handsondemo\game\stdafx.h(12): fatal error C1083: Cannot open include file: 'btBulletDynamicsCommon.h': No such file or directory
  EffectManager.cpp
c:\github\directxlesson\normalmapdemo\handsondemo\game\stdafx.h(12): fatal error C1083: Cannot open include file: 'btBulletDynamicsCommon.h': No such file or directory
  Camera.cpp
c:\github\directxlesson\normalmapdemo\handsondemo\game\stdafx.h(12): fatal error C1083: Cannot open include file: 'btBulletDynamicsCommon.h': No such file or directory
  Animation.cpp
c:\github\directxlesson\normalmapdemo\handsondemo\game\stdafx.h(12): fatal error C1083: Cannot open include file: 'btBulletDynamicsCommon.h': No such file or directory
  game.cpp
c:\github\directxlesson\normalmapdemo\handsondemo\game\stdafx.h(12): fatal error C1083: Cannot open include file: 'btBulletDynamicsCommon.h': No such file or directory
  Generating Code...
