c:\github\directxlesson\normalmapdemo\handsondemo\game\debug\vc140.pdb
c:\github\directxlesson\normalmapdemo\handsondemo\game\debug\vc140.idb
c:\github\directxlesson\normalmapdemo\handsondemo\game\debug\game.obj
c:\github\directxlesson\normalmapdemo\handsondemo\game\debug\animation.obj
c:\github\directxlesson\normalmapdemo\handsondemo\game\debug\camera.obj
c:\github\directxlesson\normalmapdemo\handsondemo\game\debug\effectmanager.obj
c:\github\directxlesson\normalmapdemo\handsondemo\game\debug\skinmodel.obj
c:\github\directxlesson\normalmapdemo\handsondemo\game\debug\skinmodeldata.obj
c:\github\directxlesson\normalmapdemo\handsondemo\game\debug\system.obj
c:\github\directxlesson\normalmapdemo\handsondemo\game\debug\main.obj
c:\github\directxlesson\normalmapdemo\handsondemo\game\debug\player.obj
c:\github\directxlesson\normalmapdemo\handsondemo\game\debug\stdafx.obj
c:\github\directxlesson\normalmapdemo\handsondemo\debug\game.ilk
c:\github\directxlesson\normalmapdemo\handsondemo\debug\game.exe
c:\github\directxlesson\normalmapdemo\handsondemo\debug\game.pdb
c:\github\directxlesson\normalmapdemo\handsondemo\game\debug\game.tlog\cl.command.1.tlog
c:\github\directxlesson\normalmapdemo\handsondemo\game\debug\game.tlog\cl.read.1.tlog
c:\github\directxlesson\normalmapdemo\handsondemo\game\debug\game.tlog\cl.write.1.tlog
c:\github\directxlesson\normalmapdemo\handsondemo\game\debug\game.tlog\link.command.1.tlog
c:\github\directxlesson\normalmapdemo\handsondemo\game\debug\game.tlog\link.read.1.tlog
c:\github\directxlesson\normalmapdemo\handsondemo\game\debug\game.tlog\link.write.1.tlog
